<?xml version="1.0" encoding="UTF-8"?>
<testsuite xmlns:xsi="http://www.w3.org/2001/XMLSchema-instance" xsi:noNamespaceSchemaLocation="https://maven.apache.org/surefire/maven-surefire-plugin/xsd/surefire-test-report-3.0.xsd" version="3.0" name="computerdatabase.CucumberAcceptanceTests" time="6.981" tests="6" errors="0" skipped="0" failures="0">
  <properties>
[...]
</properties>
  <testcase name="Example #1.1" classname="Examples" time="0.982"/>
  <testcase name="Example #1.2" classname="Examples" time="0.667"/>
  <testcase name="Searching one computer by its name" classname="Searching computers" time="0.645"/>
  <testcase name="Searching a none existing computer" classname="Searching computers" time="0.602"/>
  <testcase name="Navigating through next pages" classname="Searching computers" time="1.139"/>
  <testcase name="Sorting computers list by name" classname="Searching computers" time="0.788"/>
</testsuite>